C:\Users\Srinath\source\repos\CarsInventory\CarsInventory.Web\ClientApp\dist\out-tsc\src\app\app.component.js
C:\Users\Srinath\source\repos\CarsInventory\CarsInventory.Web\ClientApp\dist\out-tsc\src\app\app.component.js.map
C:\Users\Srinath\source\repos\CarsInventory\CarsInventory.Web\ClientApp\dist\out-tsc\src\app\car.service.js
C:\Users\Srinath\source\repos\CarsInventory\CarsInventory.Web\ClientApp\dist\out-tsc\src\app\car.service.js.map
C:\Users\Srinath\source\repos\CarsInventory\CarsInventory.Web\ClientApp\dist\out-tsc\src\app\create\create.component.js
C:\Users\Srinath\source\repos\CarsInventory\CarsInventory.Web\ClientApp\dist\out-tsc\src\app\create\create.component.js.map
C:\Users\Srinath\source\repos\CarsInventory\CarsInventory.Web\ClientApp\dist\out-tsc\src\app\car.js
C:\Users\Srinath\source\repos\CarsInventory\CarsInventory.Web\ClientApp\dist\out-tsc\src\app\car.js.map
C:\Users\Srinath\source\repos\CarsInventory\CarsInventory.Web\ClientApp\dist\out-tsc\src\app\delete\delete.component.js
C:\Users\Srinath\source\repos\CarsInventory\CarsInventory.Web\ClientApp\dist\out-tsc\src\app\delete\delete.component.js.map
C:\Users\Srinath\source\repos\CarsInventory\CarsInventory.Web\ClientApp\dist\out-tsc\src\app\delete\delete.service.js
C:\Users\Srinath\source\repos\CarsInventory\CarsInventory.Web\ClientApp\dist\out-tsc\src\app\delete\delete.service.js.map
C:\Users\Srinath\source\repos\CarsInventory\CarsInventory.Web\ClientApp\dist\out-tsc\src\app\detail\detail.component.js
C:\Users\Srinath\source\repos\CarsInventory\CarsInventory.Web\ClientApp\dist\out-tsc\src\app\detail\detail.component.js.map
C:\Users\Srinath\source\repos\CarsInventory\CarsInventory.Web\ClientApp\dist\out-tsc\src\app\detail\detail.service.js
C:\Users\Srinath\source\repos\CarsInventory\CarsInventory.Web\ClientApp\dist\out-tsc\src\app\detail\detail.service.js.map
C:\Users\Srinath\source\repos\CarsInventory\CarsInventory.Web\ClientApp\dist\out-tsc\src\app\create\create.service.js
C:\Users\Srinath\source\repos\CarsInventory\CarsInventory.Web\ClientApp\dist\out-tsc\src\app\create\create.service.js.map
C:\Users\Srinath\source\repos\CarsInventory\CarsInventory.Web\ClientApp\dist\out-tsc\src\app\edit\edit.component.js
C:\Users\Srinath\source\repos\CarsInventory\CarsInventory.Web\ClientApp\dist\out-tsc\src\app\edit\edit.component.js.map
C:\Users\Srinath\source\repos\CarsInventory\CarsInventory.Web\ClientApp\dist\out-tsc\src\app\edit\edit.service.js
C:\Users\Srinath\source\repos\CarsInventory\CarsInventory.Web\ClientApp\dist\out-tsc\src\app\edit\edit.service.js.map
C:\Users\Srinath\source\repos\CarsInventory\CarsInventory.Web\ClientApp\dist\out-tsc\src\app\index\index.component.js
C:\Users\Srinath\source\repos\CarsInventory\CarsInventory.Web\ClientApp\dist\out-tsc\src\app\index\index.component.js.map
C:\Users\Srinath\source\repos\CarsInventory\CarsInventory.Web\ClientApp\dist\out-tsc\src\app\app.module.js
C:\Users\Srinath\source\repos\CarsInventory\CarsInventory.Web\ClientApp\dist\out-tsc\src\app\app.module.js.map
C:\Users\Srinath\source\repos\CarsInventory\CarsInventory.Web\ClientApp\dist\out-tsc\src\environments\environment.js
C:\Users\Srinath\source\repos\CarsInventory\CarsInventory.Web\ClientApp\dist\out-tsc\src\environments\environment.js.map
C:\Users\Srinath\source\repos\CarsInventory\CarsInventory.Web\ClientApp\dist\out-tsc\src\main.js
C:\Users\Srinath\source\repos\CarsInventory\CarsInventory.Web\ClientApp\dist\out-tsc\src\main.js.map
C:\Users\Srinath\source\repos\CarsInventory\CarsInventory.Web\ClientApp\dist\out-tsc\src\polyfills.js
C:\Users\Srinath\source\repos\CarsInventory\CarsInventory.Web\ClientApp\dist\out-tsc\src\polyfills.js.map
C:\Users\Srinath\source\repos\CarsInventory\CarsInventory.Web\ClientApp\dist\out-tsc\src\test.js
C:\Users\Srinath\source\repos\CarsInventory\CarsInventory.Web\ClientApp\dist\out-tsc\src\test.js.map
C:\Users\Srinath\source\repos\CarsInventory\CarsInventory.Web\ClientApp\dist\out-tsc\e2e\src\app.po.js
C:\Users\Srinath\source\repos\CarsInventory\CarsInventory.Web\ClientApp\dist\out-tsc\e2e\src\app.po.js.map
C:\Users\Srinath\source\repos\CarsInventory\CarsInventory.Web\ClientApp\dist\out-tsc\e2e\src\app.e2e-spec.js
C:\Users\Srinath\source\repos\CarsInventory\CarsInventory.Web\ClientApp\dist\out-tsc\e2e\src\app.e2e-spec.js.map
C:\Users\Srinath\source\repos\CarsInventory\CarsInventory.Web\ClientApp\dist\out-tsc\src\app\app.component.spec.js
C:\Users\Srinath\source\repos\CarsInventory\CarsInventory.Web\ClientApp\dist\out-tsc\src\app\app.component.spec.js.map
C:\Users\Srinath\source\repos\CarsInventory\CarsInventory.Web\ClientApp\dist\out-tsc\src\environments\environment.prod.js
C:\Users\Srinath\source\repos\CarsInventory\CarsInventory.Web\ClientApp\dist\out-tsc\src\environments\environment.prod.js.map
